<?xml version="1.0" encoding="UTF-8"?>
<!-- Generated by org.testng.reporters.JUnitXMLReporter -->
<testsuite ignored="0" hostname="DESKTOP-5QPPC2Q" failures="1" tests="1" name="Test" time="42.89" errors="0" timestamp="2022-06-11T22:59:44 IST">
  <testcase classname="POMwithDDF.testclass" name="verifyuserid" time="8.455">
    <failure type="java.lang.AssertionError" message="expected [7741905225] but found [CH8643]">
      <![CDATA[java.lang.AssertionError: expected [7741905225] but found [CH8643]
at POMwithDDF.testclass.verifyuserid(testclass.java:58)
at java.base/java.util.ArrayList.forEach(ArrayList.java:1511)
... Removed 33 stack frames]]>
    </failure>
  </testcase> <!-- verifyuserid -->
</testsuite> <!-- Test -->
